<?xml version="1.0" encoding="UTF-8" ?>
<testsuite errors="0" failures="0" hostname="DebianVM" name="UnlockerRaceTest" skipped="0" tests="3" time="0.462" timestamp="2017-09-17T17:19:38">
  <properties>
[...]
</properties>
  <testcase classname="UnlockerRaceTest" name="linearTimer" time="0.245" />
  <testcase classname="UnlockerRaceTest" name="simpleTimer" time="0.005" />
  <testcase classname="UnlockerRaceTest" name="originalTimer" time="0.014" />
  <system-out><![CDATA[Linear unlocker finishes unlocking 7 devices in : 225353537 nano seconds
SimpleDeviceUnlocker finishes unlocking 7 devices in : 4575467 nano seconds
FourBitTwoDisclosure finishes unlocking 7 devices in : 13956324 nano seconds
]]></system-out>
  <system-err><![CDATA[]]></system-err>
</testsuite>
