Testsuite: DeviceUnlockerTest
Tests run: 2, Failures: 2, Errors: 0, Skipped: 0, Time elapsed: 0.247 sec

Testcase: DefaultConstructUnlockTest took 0.078 sec
	FAILED
null
junit.framework.AssertionFailedError
	at DeviceUnlockerTest.DefaultConstructUnlockTest(DeviceUnlockerTest.java:24)

Testcase: AllConstructorPermutationsTest took 0.001 sec
	FAILED
null
junit.framework.AssertionFailedError
	at DeviceUnlockerTest.AllConstructorPermutationsTest(DeviceUnlockerTest.java:83)

